<?xml version="1.0" encoding="UTF-8"?>
<!-- Generated by org.testng.reporters.JUnitXMLReporter -->
<testsuite ignored="1" hostname="DESKTOP-7S7LCUO" failures="0" tests="1" name="Default test" time="2.864" errors="0" timestamp="2024-06-25T12:19:58 IST">
  <testcase classname="com.creative.qa.Tests.ProductTest" name="enterTheProductDetais" time="2.781"/>
  <testcase classname="com.creative.qa.Tests.ProductTest" name="AddNewButton" time="0.0">
    <ignored/>
  </testcase> <!-- AddNewButton -->
</testsuite> <!-- Default test -->
