<?xml version="1.0" encoding="UTF-8"?>
<testng-results ignored="0" total="1" passed="1" failed="0" skipped="0">
  <reporter-output>
  </reporter-output>
  <suite started-at="2024-06-25T12:19:55 IST" name="Default suite" finished-at="2024-06-25T12:19:58 IST" duration-ms="2864">
    <groups>
    </groups>
    <test started-at="2024-06-25T12:19:55 IST" name="Default test" finished-at="2024-06-25T12:19:58 IST" duration-ms="2864">
      <class name="com.creative.qa.Tests.ProductTest">
        <test-method signature="enterTheProductDetais()[pri:0, instance:com.creative.qa.Tests.ProductTest@5bdaf2ce]" started-at="2024-06-25T12:19:55 IST" name="enterTheProductDetais" finished-at="2024-06-25T12:19:58 IST" duration-ms="2781" status="PASS">
          <reporter-output>
          </reporter-output>
        </test-method> <!-- enterTheProductDetais -->
      </class> <!-- com.creative.qa.Tests.ProductTest -->
    </test> <!-- Default test -->
  </suite> <!-- Default suite -->
</testng-results>
